<?xml version="1.0" encoding="UTF-8"?>
<testsuite xmlns:xsi="http://www.w3.org/2001/XMLSchema-instance" xsi:noNamespaceSchemaLocation="https://maven.apache.org/surefire/maven-surefire-plugin/xsd/surefire-test-report-3.0.xsd" version="3.0" name="org.bcmoj.netserver.JsonValidateUtilTest" time="0.099" tests="5" errors="0" skipped="0" failures="0">
  <properties>
[...]
</properties>
  <testcase name="testInvalidJson_MissingOutPair" classname="org.bcmoj.netserver.JsonValidateUtilTest" time="0.087">
    <system-out><![CDATA[[2025-08-11 19:31:09.810] [main/&amp#27;[1;33mWARN &amp#27;[m] [&amp#27;[36mo.b.u.JsonValidateUtil&amp#27;[m] Missing output file for input: 1_in
]]></system-out>
  </testcase>
  <testcase name="testInvalidJson_SchemaViolation" classname="org.bcmoj.netserver.JsonValidateUtilTest" time="0.009">
    <system-out><![CDATA[[2025-08-11 19:31:09.815] [main/&amp#27;[1;31mERROR&amp#27;[m] [&amp#27;[36mo.b.u.JsonValidateUtil&amp#27;[m] Schema validation failed
org.everit.json.schema.ValidationException: #: 2 schema violations found
	at org.everit.json.schema.ValidationException.copy(ValidationException.java:486) ~[everit-json-schema-1.14.6.jar:?]
	at org.everit.json.schema.DefaultValidator.performValidation(Validator.java:76) ~[everit-json-schema-1.14.6.jar:?]
	at org.everit.json.schema.Schema.validate(Schema.java:152) ~[everit-json-schema-1.14.6.jar:?]
	at org.bcmoj.utils.JsonValidateUtil.validate(JsonValidateUtil.java:59) [classes/:?]
	at org.bcmoj.netserver.JsonValidateUtilTest.testInvalidJson_SchemaViolation(JsonValidateUtilTest.java:99) [test-classes/:?]
	at java.base/jdk.internal.reflect.DirectMethodHandleAccessor.invoke(DirectMethodHandleAccessor.java:103) ~[?:?]
	at java.base/java.lang.reflect.Method.invoke(Method.java:580) ~[?:?]
	at org.junit.runners.model.FrameworkMethod$1.runReflectiveCall(FrameworkMethod.java:59) [junit-4.13.1.jar:4.13.1]
	at org.junit.internal.runners.model.ReflectiveCallable.run(ReflectiveCallable.java:12) [junit-4.13.1.jar:4.13.1]
	at org.junit.runners.model.FrameworkMethod.invokeExplosively(FrameworkMethod.java:56) [junit-4.13.1.jar:4.13.1]
	at org.junit.internal.runners.statements.InvokeMethod.evaluate(InvokeMethod.java:17) [junit-4.13.1.jar:4.13.1]
	at org.junit.internal.runners.statements.RunBefores.evaluate(RunBefores.java:26) [junit-4.13.1.jar:4.13.1]
	at org.junit.runners.ParentRunner$3.evaluate(ParentRunner.java:306) [junit-4.13.1.jar:4.13.1]
	at org.junit.runners.BlockJUnit4ClassRunner$1.evaluate(BlockJUnit4ClassRunner.java:100) [junit-4.13.1.jar:4.13.1]
	at org.junit.runners.ParentRunner.runLeaf(ParentRunner.java:366) [junit-4.13.1.jar:4.13.1]
	at org.junit.runners.BlockJUnit4ClassRunner.runChild(BlockJUnit4ClassRunner.java:103) [junit-4.13.1.jar:4.13.1]
	at org.junit.runners.BlockJUnit4ClassRunner.runChild(BlockJUnit4ClassRunner.java:63) [junit-4.13.1.jar:4.13.1]
	at org.junit.runners.ParentRunner$4.run(ParentRunner.java:331) [junit-4.13.1.jar:4.13.1]
	at org.junit.runners.ParentRunner$1.schedule(ParentRunner.java:79) [junit-4.13.1.jar:4.13.1]
	at org.junit.runners.ParentRunner.runChildren(ParentRunner.java:329) [junit-4.13.1.jar:4.13.1]
	at org.junit.runners.ParentRunner.access$100(ParentRunner.java:66) [junit-4.13.1.jar:4.13.1]
	at org.junit.runners.ParentRunner$2.evaluate(ParentRunner.java:293) [junit-4.13.1.jar:4.13.1]
	at org.junit.runners.ParentRunner$3.evaluate(ParentRunner.java:306) [junit-4.13.1.jar:4.13.1]
	at org.junit.runners.ParentRunner.run(ParentRunner.java:413) [junit-4.13.1.jar:4.13.1]
	at org.apache.maven.surefire.junit4.JUnit4Provider.execute(JUnit4Provider.java:377) [surefire-junit4-3.0.0-M9.jar:3.0.0-M9]
	at org.apache.maven.surefire.junit4.JUnit4Provider.executeWithRerun(JUnit4Provider.java:284) [surefire-junit4-3.0.0-M9.jar:3.0.0-M9]
	at org.apache.maven.surefire.junit4.JUnit4Provider.executeTestSet(JUnit4Provider.java:248) [surefire-junit4-3.0.0-M9.jar:3.0.0-M9]
	at org.apache.maven.surefire.junit4.JUnit4Provider.invoke(JUnit4Provider.java:167) [surefire-junit4-3.0.0-M9.jar:3.0.0-M9]
	at org.apache.maven.surefire.booter.ForkedBooter.runSuitesInProcess(ForkedBooter.java:456) [surefire-booter-3.0.0-M9.jar:3.0.0-M9]
	at org.apache.maven.surefire.booter.ForkedBooter.execute(ForkedBooter.java:169) [surefire-booter-3.0.0-M9.jar:3.0.0-M9]
	at org.apache.maven.surefire.booter.ForkedBooter.run(ForkedBooter.java:595) [surefire-booter-3.0.0-M9.jar:3.0.0-M9]
	at org.apache.maven.surefire.booter.ForkedBooter.main(ForkedBooter.java:581) [surefire-booter-3.0.0-M9.jar:3.0.0-M9]
]]></system-out>
  </testcase>
  <testcase name="testValidJsonWithCorrectInOutPairs" classname="org.bcmoj.netserver.JsonValidateUtilTest" time="0">
    <system-out><![CDATA[[2025-08-11 19:31:09.821] [main/&amp#27;[1;32mINFO &amp#27;[m] [&amp#27;[36mo.b.u.JsonValidateUtil&amp#27;[m] JSON validation passed
]]></system-out>
  </testcase>
  <testcase name="testInvalidJson_NoPairs" classname="org.bcmoj.netserver.JsonValidateUtilTest" time="0.002">
    <system-out><![CDATA[[2025-08-11 19:31:09.822] [main/&amp#27;[1;33mWARN &amp#27;[m] [&amp#27;[36mo.b.u.JsonValidateUtil&amp#27;[m] At least one _in/_out pair is required
]]></system-out>
  </testcase>
  <testcase name="testInvalidJson_MissingInPair" classname="org.bcmoj.netserver.JsonValidateUtilTest" time="0.001">
    <system-out><![CDATA[[2025-08-11 19:31:09.822] [main/&amp#27;[1;33mWARN &amp#27;[m] [&amp#27;[36mo.b.u.JsonValidateUtil&amp#27;[m] Missing input file for output: 1_out
]]></system-out>
  </testcase>
</testsuite>