<?xml version="1.0" encoding="UTF-8"?>
<testsuite xmlns:xsi="http://www.w3.org/2001/XMLSchema-instance" xsi:noNamespaceSchemaLocation="https://maven.apache.org/surefire/maven-surefire-plugin/xsd/surefire-test-report-3.0.xsd" version="3.0" name="org.bcmoj.judger.JudgerTest" time="2.766" tests="4" errors="0" skipped="0" failures="0">
  <properties>
[...]
</properties>
  <testcase name="testWrongAnswer" classname="org.bcmoj.judger.JudgerTest" time="0.945">
    <system-out><![CDATA[[2025-08-11 19:31:07.348] [main/&amp#27;[1;32mINFO &amp#27;[m] [&amp#27;[36mo.b.j.Judger&amp#27;[m] Compiling program: b2c236cb75e741c4979b1d45bd87852f.exe with O2 optimization: false
[2025-08-11 19:31:07.352] [main/&amp#27;[1;36mDEBUG&amp#27;[m] [&amp#27;[36mo.b.j.Compiler&amp#27;[m] Compile command: g++ -o C:\Users\Mxing\AppData\Local\Temp\judge_3512794792425699218\b2c236cb75e741c4979b1d45bd87852f.exe C:\Users\Mxing\AppData\Local\Temp\test1098358689504005668.cpp -std=c++11
[2025-08-11 19:31:07.691] [pool-3-thread-1/&amp#27;[1;32mINFO &amp#27;[m] [&amp#27;[36mo.b.j.Compiler&amp#27;[m] Compilation process exited with code: 0
[2025-08-11 19:31:07.905] [main/&amp#27;[1;36mDEBUG&amp#27;[m] [&amp#27;[36mo.b.u.OutputCompareUtil&amp#27;[m] Comparison mode: STRICT, Expected output: 7, Actual output: 465
[2025-08-11 19:31:07.905] [main/&amp#27;[1;36mDEBUG&amp#27;[m] [&amp#27;[36mo.b.j.Judger&amp#27;[m] Judge process finished. Status code: -3, Elapsed time: 13.1059 ms
[2025-08-11 19:31:07.906] [main/&amp#27;[1;36mDEBUG&amp#27;[m] [&amp#27;[36mo.b.j.Judger&amp#27;[m] Deleted: C:\Users\Mxing\AppData\Local\Temp\judge_3512794792425699218\b2c236cb75e741c4979b1d45bd87852f.exe
[2025-08-11 19:31:07.906] [main/&amp#27;[1;36mDEBUG&amp#27;[m] [&amp#27;[36mo.b.j.Judger&amp#27;[m] Deleted: C:\Users\Mxing\AppData\Local\Temp\judge_3512794792425699218
]]></system-out>
  </testcase>
  <testcase name="testAcceptedSubmission" classname="org.bcmoj.judger.JudgerTest" time="0.513">
    <system-out><![CDATA[[2025-08-11 19:31:07.909] [main/&amp#27;[1;32mINFO &amp#27;[m] [&amp#27;[36mo.b.j.Judger&amp#27;[m] Compiling program: 8e6b7425bd7a4c3a9258b9281da6a03d.exe with O2 optimization: false
[2025-08-11 19:31:07.909] [main/&amp#27;[1;36mDEBUG&amp#27;[m] [&amp#27;[36mo.b.j.Compiler&amp#27;[m] Compile command: g++ -o C:\Users\Mxing\AppData\Local\Temp\judge_3508845356404074648\8e6b7425bd7a4c3a9258b9281da6a03d.exe C:\Users\Mxing\AppData\Local\Temp\test7556363043033607114.cpp -std=c++11
[2025-08-11 19:31:08.242] [pool-4-thread-1/&amp#27;[1;32mINFO &amp#27;[m] [&amp#27;[36mo.b.j.Compiler&amp#27;[m] Compilation process exited with code: 0
[2025-08-11 19:31:08.419] [main/&amp#27;[1;36mDEBUG&amp#27;[m] [&amp#27;[36mo.b.u.OutputCompareUtil&amp#27;[m] Comparison mode: STRICT, Expected output: 7, Actual output: 7
[2025-08-11 19:31:08.419] [main/&amp#27;[1;36mDEBUG&amp#27;[m] [&amp#27;[36mo.b.j.Judger&amp#27;[m] Judge process finished. Status code: 1, Elapsed time: 14.097 ms
[2025-08-11 19:31:08.421] [main/&amp#27;[1;36mDEBUG&amp#27;[m] [&amp#27;[36mo.b.j.Judger&amp#27;[m] Deleted: C:\Users\Mxing\AppData\Local\Temp\judge_3508845356404074648\8e6b7425bd7a4c3a9258b9281da6a03d.exe
[2025-08-11 19:31:08.421] [main/&amp#27;[1;36mDEBUG&amp#27;[m] [&amp#27;[36mo.b.j.Judger&amp#27;[m] Deleted: C:\Users\Mxing\AppData\Local\Temp\judge_3508845356404074648
]]></system-out>
  </testcase>
  <testcase name="testTimeLimitExceeded" classname="org.bcmoj.judger.JudgerTest" time="1.169">
    <system-out><![CDATA[[2025-08-11 19:31:08.422] [main/&amp#27;[1;32mINFO &amp#27;[m] [&amp#27;[36mo.b.j.Judger&amp#27;[m] Compiling program: 51710def104e469db6bef9b13c6e5722.exe with O2 optimization: false
[2025-08-11 19:31:08.423] [main/&amp#27;[1;36mDEBUG&amp#27;[m] [&amp#27;[36mo.b.j.Compiler&amp#27;[m] Compile command: g++ -o C:\Users\Mxing\AppData\Local\Temp\judge_4163612784029148962\51710def104e469db6bef9b13c6e5722.exe C:\Users\Mxing\AppData\Local\Temp\test18413050204025937207.cpp -std=c++11
[2025-08-11 19:31:08.533] [pool-5-thread-1/&amp#27;[1;32mINFO &amp#27;[m] [&amp#27;[36mo.b.j.Compiler&amp#27;[m] Compilation process exited with code: 0
[2025-08-11 19:31:09.589] [main/&amp#27;[1;33mWARN &amp#27;[m] [&amp#27;[36mo.b.j.Judger&amp#27;[m] Execution timed out after 1005.8279 ms
[2025-08-11 19:31:09.589] [main/&amp#27;[1;36mDEBUG&amp#27;[m] [&amp#27;[36mo.b.j.Judger&amp#27;[m] Judge process finished. Status code: 2, Elapsed time: 1005.8279 ms
[2025-08-11 19:31:09.589] [main/&amp#27;[1;36mDEBUG&amp#27;[m] [&amp#27;[36mo.b.j.Judger&amp#27;[m] Deleted: C:\Users\Mxing\AppData\Local\Temp\judge_4163612784029148962\51710def104e469db6bef9b13c6e5722.exe
[2025-08-11 19:31:09.590] [main/&amp#27;[1;36mDEBUG&amp#27;[m] [&amp#27;[36mo.b.j.Judger&amp#27;[m] Deleted: C:\Users\Mxing\AppData\Local\Temp\judge_4163612784029148962
]]></system-out>
  </testcase>
  <testcase name="testCompileError" classname="org.bcmoj.judger.JudgerTest" time="0.109">
    <system-out><![CDATA[[2025-08-11 19:31:09.591] [main/&amp#27;[1;32mINFO &amp#27;[m] [&amp#27;[36mo.b.j.Judger&amp#27;[m] Compiling program: 601af9af1eee432b81f6155bf2ba13d2.exe with O2 optimization: false
[2025-08-11 19:31:09.591] [main/&amp#27;[1;36mDEBUG&amp#27;[m] [&amp#27;[36mo.b.j.Compiler&amp#27;[m] Compile command: g++ -o C:\Users\Mxing\AppData\Local\Temp\judge_16632365461126653766\601af9af1eee432b81f6155bf2ba13d2.exe C:\Users\Mxing\AppData\Local\Temp\test12259511632523622308.cpp -std=c++11
[2025-08-11 19:31:09.690] [pool-6-thread-1/&amp#27;[1;36mDEBUG&amp#27;[m] [&amp#27;[36mo.b.j.Compiler&amp#27;[m] [Compiler] C:\Users\Mxing\AppData\Local\Temp\test12259511632523622308.cpp: In function 'int main()':
[2025-08-11 19:31:09.690] [pool-6-thread-1/&amp#27;[1;36mDEBUG&amp#27;[m] [&amp#27;[36mo.b.j.Compiler&amp#27;[m] [Compiler] C:\Users\Mxing\AppData\Local\Temp\test12259511632523622308.cpp:2:12: error: 'fuckyou' was not declared in this scope
[2025-08-11 19:31:09.690] [pool-6-thread-1/&amp#27;[1;36mDEBUG&amp#27;[m] [&amp#27;[36mo.b.j.Compiler&amp#27;[m] [Compiler]  int main(){fuckyou}
[2025-08-11 19:31:09.690] [pool-6-thread-1/&amp#27;[1;36mDEBUG&amp#27;[m] [&amp#27;[36mo.b.j.Compiler&amp#27;[m] [Compiler]             ^
[2025-08-11 19:31:09.698] [pool-6-thread-1/&amp#27;[1;32mINFO &amp#27;[m] [&amp#27;[36mo.b.j.Compiler&amp#27;[m] Compilation process exited with code: 1
[2025-08-11 19:31:09.699] [main/&amp#27;[1;33mWARN &amp#27;[m] [&amp#27;[36mo.b.j.Judger&amp#27;[m] Compilation failed with exit code 1
[2025-08-11 19:31:09.699] [main/&amp#27;[1;36mDEBUG&amp#27;[m] [&amp#27;[36mo.b.j.Judger&amp#27;[m] Judge process finished. Status code: -4, Elapsed time: 0.0 ms
[2025-08-11 19:31:09.699] [main/&amp#27;[1;36mDEBUG&amp#27;[m] [&amp#27;[36mo.b.j.Judger&amp#27;[m] Deleted: C:\Users\Mxing\AppData\Local\Temp\judge_16632365461126653766
]]></system-out>
  </testcase>
</testsuite>