<?xml version="1.0" encoding="UTF-8"?>
<testsuite xmlns:xsi="http://www.w3.org/2001/XMLSchema-instance" xsi:noNamespaceSchemaLocation="https://maven.apache.org/surefire/maven-surefire-plugin/xsd/surefire-test-report-3.0.xsd" version="3.0" name="org.bcmoj.judgeserver.security.RegexSecurityCheckTest" time="0.002" tests="3" errors="0" skipped="0" failures="0">
  <properties>
[...]
</properties>
  <testcase name="testCodeWithRegexMatch" classname="org.bcmoj.judgeserver.security.RegexSecurityCheckTest" time="0.001">
    <system-out><![CDATA[[2025-08-11 19:31:09.705] [main/&amp#27;[1;36mDEBUG&amp#27;[m] [&amp#27;[36mo.b.s.RegexSecurityCheck&amp#27;[m] Loaded regex pattern: System\.exit
[2025-08-11 19:31:09.706] [main/&amp#27;[1;33mWARN &amp#27;[m] [&amp#27;[36mo.b.s.RegexSecurityCheck&amp#27;[m] Dangerous pattern detected: 'System\.exit' in line 1
]]></system-out>
  </testcase>
  <testcase name="testDangerousSystemCall" classname="org.bcmoj.judgeserver.security.RegexSecurityCheckTest" time="0">
    <system-out><![CDATA[[2025-08-11 19:31:09.708] [main/&amp#27;[1;33mWARN &amp#27;[m] [&amp#27;[36mo.b.s.RegexSecurityCheck&amp#27;[m] Dangerous pattern detected: '\b\Qsystem\E\b' in line 1
]]></system-out>
  </testcase>
  <testcase name="testSafeCodeWithRegexRule" classname="org.bcmoj.judgeserver.security.RegexSecurityCheckTest" time="0.001">
    <system-out><![CDATA[[2025-08-11 19:31:09.711] [main/&amp#27;[1;36mDEBUG&amp#27;[m] [&amp#27;[36mo.b.s.RegexSecurityCheck&amp#27;[m] Loaded regex pattern: System\.exit
[2025-08-11 19:31:09.711] [main/&amp#27;[1;32mINFO &amp#27;[m] [&amp#27;[36mo.b.s.RegexSecurityCheck&amp#27;[m] Security check passed
]]></system-out>
  </testcase>
</testsuite>