<?xml version="1.0" encoding="UTF-8"?>
<testsuite xmlns:xsi="http://www.w3.org/2001/XMLSchema-instance" xsi:noNamespaceSchemaLocation="https://maven.apache.org/surefire/maven-surefire-plugin/xsd/surefire-test-report-3.0.xsd" version="3.0" name="org.bcmoj.utils.OutputCompareUtilTest" time="0.004" tests="5" errors="0" skipped="0" failures="0">
  <properties>
[...]
</properties>
  <testcase name="testFloatTolerant" classname="org.bcmoj.utils.OutputCompareUtilTest" time="0">
    <system-out><![CDATA[[2025-08-11 19:31:09.825] [main/&amp#27;[1;36mDEBUG&amp#27;[m] [&amp#27;[36mo.b.u.OutputCompareUtil&amp#27;[m] Comparison mode: FLOAT_TOLERANT, Expected output: 3.1415927 2.718281, Actual output: 3.1415926 2.71828
[2025-08-11 19:31:09.826] [main/&amp#27;[1;36mDEBUG&amp#27;[m] [&amp#27;[36mo.b.u.OutputCompareUtil&amp#27;[m] Comparing token 0: expected=3.1415927 actual=3.1415926 diff=9.999999983634211E-8
[2025-08-11 19:31:09.826] [main/&amp#27;[1;36mDEBUG&amp#27;[m] [&amp#27;[36mo.b.u.OutputCompareUtil&amp#27;[m] Comparing token 1: expected=2.718281 actual=2.71828 diff=1.000000000139778E-6
[2025-08-11 19:31:09.826] [main/&amp#27;[1;36mDEBUG&amp#27;[m] [&amp#27;[36mo.b.u.OutputCompareUtil&amp#27;[m] Comparison mode: FLOAT_TOLERANT, Expected output: 3.14, Actual output: 3.14 2.7
[2025-08-11 19:31:09.826] [main/&amp#27;[1;36mDEBUG&amp#27;[m] [&amp#27;[36mo.b.u.OutputCompareUtil&amp#27;[m] Comparison mode: FLOAT_TOLERANT, Expected output: 3.14 world, Actual output: 3.14 hello
[2025-08-11 19:31:09.826] [main/&amp#27;[1;36mDEBUG&amp#27;[m] [&amp#27;[36mo.b.u.OutputCompareUtil&amp#27;[m] Comparing token 0: expected=3.14 actual=3.14 diff=0.0
[2025-08-11 19:31:09.826] [main/&amp#27;[1;36mDEBUG&amp#27;[m] [&amp#27;[36mo.b.u.OutputCompareUtil&amp#27;[m] Comparison mode: FLOAT_TOLERANT, Expected output: 1.00001, Actual output: 1.000001
[2025-08-11 19:31:09.826] [main/&amp#27;[1;36mDEBUG&amp#27;[m] [&amp#27;[36mo.b.u.OutputCompareUtil&amp#27;[m] Comparing token 0: expected=1.00001 actual=1.000001 diff=9.000000000147779E-6
]]></system-out>
  </testcase>
  <testcase name="testCaseInsensitive" classname="org.bcmoj.utils.OutputCompareUtilTest" time="0.001">
    <system-out><![CDATA[[2025-08-11 19:31:09.826] [main/&amp#27;[1;36mDEBUG&amp#27;[m] [&amp#27;[36mo.b.u.OutputCompareUtil&amp#27;[m] Comparison mode: CASE_INSENSITIVE, Expected output: hello world, Actual output: Hello World
[2025-08-11 19:31:09.826] [main/&amp#27;[1;36mDEBUG&amp#27;[m] [&amp#27;[36mo.b.u.OutputCompareUtil&amp#27;[m] Comparison mode: CASE_INSENSITIVE, Expected output: hello world, Actual output: Hello World!
]]></system-out>
  </testcase>
  <testcase name="testIgnoreSpaces" classname="org.bcmoj.utils.OutputCompareUtilTest" time="0">
    <system-out><![CDATA[[2025-08-11 19:31:09.827] [main/&amp#27;[1;36mDEBUG&amp#27;[m] [&amp#27;[36mo.b.u.OutputCompareUtil&amp#27;[m] Comparison mode: IGNORE_SPACES, Expected output: hello   world, Actual output: hello world
[2025-08-11 19:31:09.827] [main/&amp#27;[1;36mDEBUG&amp#27;[m] [&amp#27;[36mo.b.u.OutputCompareUtil&amp#27;[m] Comparison mode: IGNORE_SPACES, Expected output: hello world, Actual output:   hello 
 world 
[2025-08-11 19:31:09.827] [main/&amp#27;[1;36mDEBUG&amp#27;[m] [&amp#27;[36mo.b.u.OutputCompareUtil&amp#27;[m] Comparison mode: IGNORE_SPACES, Expected output: helloworld, Actual output: hello world
]]></system-out>
  </testcase>
  <testcase name="testStrictMatch" classname="org.bcmoj.utils.OutputCompareUtilTest" time="0.002">
    <system-out><![CDATA[[2025-08-11 19:31:09.827] [main/&amp#27;[1;36mDEBUG&amp#27;[m] [&amp#27;[36mo.b.u.OutputCompareUtil&amp#27;[m] Comparison mode: STRICT, Expected output: hello, Actual output: hello
[2025-08-11 19:31:09.827] [main/&amp#27;[1;36mDEBUG&amp#27;[m] [&amp#27;[36mo.b.u.OutputCompareUtil&amp#27;[m] Comparison mode: STRICT, Expected output: Hello, Actual output: hello
[2025-08-11 19:31:09.827] [main/&amp#27;[1;36mDEBUG&amp#27;[m] [&amp#27;[36mo.b.u.OutputCompareUtil&amp#27;[m] Comparison mode: STRICT, Expected output: hello, Actual output: hello 
[2025-08-11 19:31:09.827] [main/&amp#27;[1;33mWARN &amp#27;[m] [&amp#27;[36mo.b.u.OutputCompareUtil&amp#27;[m] Comparison failed: one of the outputs is null
[2025-08-11 19:31:09.827] [main/&amp#27;[1;33mWARN &amp#27;[m] [&amp#27;[36mo.b.u.OutputCompareUtil&amp#27;[m] Comparison failed: one of the outputs is null
]]></system-out>
  </testcase>
  <testcase name="testDefaultCompare" classname="org.bcmoj.utils.OutputCompareUtilTest" time="0">
    <system-out><![CDATA[[2025-08-11 19:31:09.827] [main/&amp#27;[1;36mDEBUG&amp#27;[m] [&amp#27;[36mo.b.u.OutputCompareUtil&amp#27;[m] Comparison mode: STRICT, Expected output: exact match, Actual output: exact match
[2025-08-11 19:31:09.829] [main/&amp#27;[1;36mDEBUG&amp#27;[m] [&amp#27;[36mo.b.u.OutputCompareUtil&amp#27;[m] Comparison mode: STRICT, Expected output: Exact Match, Actual output: exact match
]]></system-out>
  </testcase>
</testsuite>